This is pdfTeX, Version 3.14159265-2.6-1.40.18 (TeX Live 2017/Debian) (preloaded format=pdflatex 2018.10.30)  14 APR 2020 19:06
entering extended mode
 restricted \write18 enabled.
 %&-line parsing enabled.
**LLC_EOF.tex
(./LLC_EOF.tex
LaTeX2e <2017-04-15>
Babel <3.18> and hyphenation patterns for 84 language(s) loaded.
(/usr/share/texlive/texmf-dist/tex/latex/base/article.cls
Document Class: article 2014/09/29 v1.4h Standard LaTeX document class
(/usr/share/texlive/texmf-dist/tex/latex/base/size10.clo
File: size10.clo 2014/09/29 v1.4h Standard LaTeX file (size option)
)
\c@part=\count79
\c@section=\count80
\c@subsection=\count81
\c@subsubsection=\count82
\c@paragraph=\count83
\c@subparagraph=\count84
\c@figure=\count85
\c@table=\count86
\abovecaptionskip=\skip41
\belowcaptionskip=\skip42
\bibindent=\dimen102
)
(/usr/share/texlive/texmf-dist/tex/latex/graphics/graphicx.sty
Package: graphicx 2017/06/01 v1.1a Enhanced LaTeX Graphics (DPC,SPQR)

(/usr/share/texlive/texmf-dist/tex/latex/graphics/keyval.sty
Package: keyval 2014/10/28 v1.15 key=value parser (DPC)
\KV@toks@=\toks14
)
(/usr/share/texlive/texmf-dist/tex/latex/graphics/graphics.sty
Package: graphics 2017/06/25 v1.2c Standard LaTeX Graphics (DPC,SPQR)

(/usr/share/texlive/texmf-dist/tex/latex/graphics/trig.sty
Package: trig 2016/01/03 v1.10 sin cos tan (DPC)
)
(/usr/share/texlive/texmf-dist/tex/latex/graphics-cfg/graphics.cfg
File: graphics.cfg 2016/06/04 v1.11 sample graphics configuration
)
Package graphics Info: Driver file: pdftex.def on input line 99.

(/usr/share/texlive/texmf-dist/tex/latex/graphics-def/pdftex.def
File: pdftex.def 2018/01/08 v1.0l Graphics/color driver for pdftex
))
\Gin@req@height=\dimen103
\Gin@req@width=\dimen104
)
(/usr/share/texlive/texmf-dist/tex/latex/caption/subcaption.sty
Package: subcaption 2016/05/22 v1.1-161 Sub-captions (AR)

(/usr/share/texlive/texmf-dist/tex/latex/caption/caption.sty
Package: caption 2016/02/21 v3.3-144 Customizing captions (AR)

(/usr/share/texlive/texmf-dist/tex/latex/caption/caption3.sty
Package: caption3 2016/05/22 v1.7-166 caption3 kernel (AR)
Package caption3 Info: TeX engine: e-TeX on input line 67.
\captionmargin=\dimen105
\captionmargin@=\dimen106
\captionwidth=\dimen107
\caption@tempdima=\dimen108
\caption@indent=\dimen109
\caption@parindent=\dimen110
\caption@hangindent=\dimen111
)
\c@ContinuedFloat=\count87
)
\c@subfigure=\count88
\c@subtable=\count89
) (./LLC_EOF.aux)
\openout1 = `LLC_EOF.aux'.

LaTeX Font Info:    Checking defaults for OML/cmm/m/it on input line 4.
LaTeX Font Info:    ... okay on input line 4.
LaTeX Font Info:    Checking defaults for T1/cmr/m/n on input line 4.
LaTeX Font Info:    ... okay on input line 4.
LaTeX Font Info:    Checking defaults for OT1/cmr/m/n on input line 4.
LaTeX Font Info:    ... okay on input line 4.
LaTeX Font Info:    Checking defaults for OMS/cmsy/m/n on input line 4.
LaTeX Font Info:    ... okay on input line 4.
LaTeX Font Info:    Checking defaults for OMX/cmex/m/n on input line 4.
LaTeX Font Info:    ... okay on input line 4.
LaTeX Font Info:    Checking defaults for U/cmr/m/n on input line 4.
LaTeX Font Info:    ... okay on input line 4.
 (/usr/share/texlive/texmf-dist/tex/context/base/mkii/supp-pdf.mkii
[Loading MPS to PDF converter (version 2006.09.02).]
\scratchcounter=\count90
\scratchdimen=\dimen112
\scratchbox=\box26
\nofMPsegments=\count91
\nofMParguments=\count92
\everyMPshowfont=\toks15
\MPscratchCnt=\count93
\MPscratchDim=\dimen113
\MPnumerator=\count94
\makeMPintoPDFobject=\count95
\everyMPtoPDFconversion=\toks16
) (/usr/share/texlive/texmf-dist/tex/latex/oberdiek/epstopdf-base.sty
Package: epstopdf-base 2016/05/15 v2.6 Base part for package epstopdf

(/usr/share/texlive/texmf-dist/tex/generic/oberdiek/infwarerr.sty
Package: infwarerr 2016/05/16 v1.4 Providing info/warning/error messages (HO)
)
(/usr/share/texlive/texmf-dist/tex/latex/oberdiek/grfext.sty
Package: grfext 2016/05/16 v1.2 Manage graphics extensions (HO)

(/usr/share/texlive/texmf-dist/tex/generic/oberdiek/kvdefinekeys.sty
Package: kvdefinekeys 2016/05/16 v1.4 Define keys (HO)

(/usr/share/texlive/texmf-dist/tex/generic/oberdiek/ltxcmds.sty
Package: ltxcmds 2016/05/16 v1.23 LaTeX kernel commands for general use (HO)
)))
(/usr/share/texlive/texmf-dist/tex/latex/oberdiek/kvoptions.sty
Package: kvoptions 2016/05/16 v3.12 Key value format for package options (HO)

(/usr/share/texlive/texmf-dist/tex/generic/oberdiek/kvsetkeys.sty
Package: kvsetkeys 2016/05/16 v1.17 Key value parser (HO)

(/usr/share/texlive/texmf-dist/tex/generic/oberdiek/etexcmds.sty
Package: etexcmds 2016/05/16 v1.6 Avoid name clashes with e-TeX commands (HO)

(/usr/share/texlive/texmf-dist/tex/generic/oberdiek/ifluatex.sty
Package: ifluatex 2016/05/16 v1.4 Provides the ifluatex switch (HO)
Package ifluatex Info: LuaTeX not detected.
)
Package etexcmds Info: Could not find \expanded.
(etexcmds)             That can mean that you are not using pdfTeX 1.50 or
(etexcmds)             that some package has redefined \expanded.
(etexcmds)             In the latter case, load this package earlier.
)))
(/usr/share/texlive/texmf-dist/tex/generic/oberdiek/pdftexcmds.sty
Package: pdftexcmds 2018/01/21 v0.26 Utility functions of pdfTeX for LuaTeX (HO
)

(/usr/share/texlive/texmf-dist/tex/generic/oberdiek/ifpdf.sty
Package: ifpdf 2017/03/15 v3.2 Provides the ifpdf switch
)
Package pdftexcmds Info: LuaTeX not detected.
Package pdftexcmds Info: \pdf@primitive is available.
Package pdftexcmds Info: \pdf@ifprimitive is available.
Package pdftexcmds Info: \pdfdraftmode found.
)
Package epstopdf-base Info: Redefining graphics rule for `.eps' on input line 4
38.
Package grfext Info: Graphics extension search list:
(grfext)             [.pdf,.png,.jpg,.mps,.jpeg,.jbig2,.jb2,.PDF,.PNG,.JPG,.JPE
G,.JBIG2,.JB2,.eps]
(grfext)             \AppendGraphicsExtensions on input line 456.

(/usr/share/texlive/texmf-dist/tex/latex/latexconfig/epstopdf-sys.cfg
File: epstopdf-sys.cfg 2010/07/13 v1.3 Configuration of (r)epstopdf for TeX Liv
e
))
Package caption Info: Begin \AtBeginDocument code.
Package caption Info: End \AtBeginDocument code.
<./figs/EOF/density_profile.png, id=1, 615.2586pt x 588.7596pt>
File: ./figs/EOF/density_profile.png Graphic file (type png)
<use ./figs/EOF/density_profile.png>
Package pdftex.def Info: ./figs/EOF/density_profile.png  used on input line 17.

(pdftex.def)             Requested size: 345.0pt x 330.14333pt.
<./figs/EOF/ts_dp_disp.png, id=3, 687.5286pt x 712.1004pt>
File: ./figs/EOF/ts_dp_disp.png Graphic file (type png)
<use ./figs/EOF/ts_dp_disp.png>
Package pdftex.def Info: ./figs/EOF/ts_dp_disp.png  used on input line 24.
(pdftex.def)             Requested size: 345.0pt x 357.34235pt.
<./figs/EOF/ts_dp_vv.png, id=4, 688.0104pt x 493.845pt>
File: ./figs/EOF/ts_dp_vv.png Graphic file (type png)
<use ./figs/EOF/ts_dp_vv.png>
Package pdftex.def Info: ./figs/EOF/ts_dp_vv.png  used on input line 31.
(pdftex.def)             Requested size: 345.0pt x 247.63776pt.
<./figs/SPEC/w_bar_spectrum.png, id=5, 898.557pt x 878.3214pt>
File: ./figs/SPEC/w_bar_spectrum.png Graphic file (type png)
<use ./figs/SPEC/w_bar_spectrum.png>
Package pdftex.def Info: ./figs/SPEC/w_bar_spectrum.png  used on input line 38.

(pdftex.def)             Requested size: 345.0pt x 337.23674pt.
<./figs/SPEC/w_depth_spectrum.png, id=6, 857.604pt x 878.3214pt>
File: ./figs/SPEC/w_depth_spectrum.png Graphic file (type png)
<use ./figs/SPEC/w_depth_spectrum.png>
Package pdftex.def Info: ./figs/SPEC/w_depth_spectrum.png  used on input line 4
4.
(pdftex.def)             Requested size: 345.0pt x 353.33264pt.
<./figs/EOF/dp_variance.png, id=7, 757.3896pt x 620.5584pt>
File: ./figs/EOF/dp_variance.png Graphic file (type png)
<use ./figs/EOF/dp_variance.png>
Package pdftex.def Info: ./figs/EOF/dp_variance.png  used on input line 50.
(pdftex.def)             Requested size: 345.0pt x 282.67645pt.
<./figs/EOF/EOF.png, id=8, 738.1176pt x 604.1772pt>
File: ./figs/EOF/EOF.png Graphic file (type png)
<use ./figs/EOF/EOF.png>
Package pdftex.def Info: ./figs/EOF/EOF.png  used on input line 56.
(pdftex.def)             Requested size: 345.0pt x 282.39609pt.
<./figs/SPEC/w_eof_spectrum.png, id=9, 725.5908pt x 698.8509pt>
File: ./figs/SPEC/w_eof_spectrum.png Graphic file (type png)
<use ./figs/SPEC/w_eof_spectrum.png>
Package pdftex.def Info: ./figs/SPEC/w_eof_spectrum.png  used on input line 62.

(pdftex.def)             Requested size: 345.0pt x 332.2882pt.
<./figs/LSFT/mode1_without_priors.png, id=10, 732.7375pt x 497.86pt>
File: ./figs/LSFT/mode1_without_priors.png Graphic file (type png)
<use ./figs/LSFT/mode1_without_priors.png>
Package pdftex.def Info: ./figs/LSFT/mode1_without_priors.png  used on input li
ne 68.
(pdftex.def)             Requested size: 345.0pt x 234.41205pt.
<./figs/LSFT/mode1_with_priors.png, id=11, 739.76375pt x 497.86pt>
File: ./figs/LSFT/mode1_with_priors.png Graphic file (type png)
<use ./figs/LSFT/mode1_with_priors.png>
Package pdftex.def Info: ./figs/LSFT/mode1_with_priors.png  used on input line 
74.
(pdftex.def)             Requested size: 345.0pt x 232.1862pt.
<./figs/LSFT/mode1_bandpass_without_priors.png, id=12, 742.775pt x 497.86pt>
File: ./figs/LSFT/mode1_bandpass_without_priors.png Graphic file (type png)
<use ./figs/LSFT/mode1_bandpass_without_priors.png>
Package pdftex.def Info: ./figs/LSFT/mode1_bandpass_without_priors.png  used on
 input line 80.
(pdftex.def)             Requested size: 345.0pt x 231.24422pt.
<./figs/LSFT/mode1_bandpass_with_priors.png, id=13, 748.7975pt x 497.86pt>
File: ./figs/LSFT/mode1_bandpass_with_priors.png Graphic file (type png)
<use ./figs/LSFT/mode1_bandpass_with_priors.png>
Package pdftex.def Info: ./figs/LSFT/mode1_bandpass_with_priors.png  used on in
put line 86.
(pdftex.def)             Requested size: 345.0pt x 229.38301pt.

[1{/var/lib/texmf/fonts/map/pdftex/updmap/pdftex.map} <./figs/EOF/density_profi
le.png>] [2 <./figs/EOF/ts_dp_disp.png>] [3 <./figs/EOF/ts_dp_vv.png>] [4 <./fi
gs/SPEC/w_bar_spectrum.png>] [5 <./figs/SPEC/w_depth_spectrum.png>] [6 <./figs/
EOF/dp_variance.png>] [7 <./figs/EOF/EOF.png>] [8 <./figs/SPEC/w_eof_spectrum.p
ng>] [9 <./figs/LSFT/mode1_without_priors.png> <./figs/LSFT/mode1_with_priors.p
ng>] [10 <./figs/LSFT/mode1_bandpass_without_priors.png> <./figs/LSFT/mode1_ban
dpass_with_priors.png>] (./LLC_EOF.aux)

LaTeX Warning: Label(s) may have changed. Rerun to get cross-references right.

 ) 
Here is how much of TeX's memory you used:
 2599 strings out of 492982
 42445 string characters out of 6134895
 99622 words of memory out of 5000000
 6161 multiletter control sequences out of 15000+600000
 3640 words of font info for 14 fonts, out of 8000000 for 9000
 1141 hyphenation exceptions out of 8191
 42i,5n,40p,277b,263s stack positions out of 5000i,500n,10000p,200000b,80000s
</usr/share/texlive/texmf-dist/fonts/type1/public/amsfonts/cm/cmr10.pfb>
Output written on LLC_EOF.pdf (10 pages, 1418252 bytes).
PDF statistics:
 66 PDF objects out of 1000 (max. 8388607)
 28 compressed objects within 1 object stream
 0 named destinations out of 1000 (max. 500000)
 61 words of extra memory for PDF output out of 10000 (max. 10000000)

